<?xml version="1.0" encoding="UTF-8"?>
<coverage generated="1737117353397" clover="3.2.0">
  <project timestamp="1737117353397" name="All files">
    <metrics statements="21" coveredstatements="21" conditionals="2" coveredconditionals="1" methods="3" coveredmethods="3" elements="26" coveredelements="25" complexity="0" loc="21" ncloc="21" packages="1" files="1" classes="1"/>
    <file name="api.js" path="C:\Users\bilge\Documents\GitHub\integdeploy-back\services\api.js">
      <metrics statements="21" coveredstatements="21" conditionals="2" coveredconditionals="1" methods="3" coveredmethods="3"/>
      <line num="1" count="1" type="stmt"/>
      <line num="4" count="1" type="cond" truecount="1" falsecount="1"/>
      <line num="7" count="1" type="stmt"/>
      <line num="8" count="2" type="stmt"/>
      <line num="9" count="2" type="stmt"/>
      <line num="10" count="1" type="stmt"/>
      <line num="12" count="1" type="stmt"/>
      <line num="13" count="1" type="stmt"/>
      <line num="18" count="1" type="stmt"/>
      <line num="19" count="2" type="stmt"/>
      <line num="20" count="2" type="stmt"/>
      <line num="21" count="1" type="stmt"/>
      <line num="23" count="1" type="stmt"/>
      <line num="24" count="1" type="stmt"/>
      <line num="29" count="1" type="stmt"/>
      <line num="30" count="2" type="stmt"/>
      <line num="31" count="2" type="stmt"/>
      <line num="32" count="1" type="stmt"/>
      <line num="34" count="1" type="stmt"/>
      <line num="35" count="1" type="stmt"/>
      <line num="39" count="1" type="stmt"/>
    </file>
  </project>
</coverage>
